[22.448s] DEBUG:colcon:Command line arguments: ['/usr/bin/colcon', 'list', '-p', '--base-paths', '/home/parallels/junk/demo_ros2_ws_deploy']
[22.466s] DEBUG:colcon:Parsed command line arguments: Namespace(log_base=None, log_level=None, verb_name='list', build_base='build', ignore_user_meta=False, metas=['./colcon.meta'], base_paths=['/home/parallels/junk/demo_ros2_ws_deploy'], packages_ignore=None, packages_ignore_regex=None, paths=None, packages_up_to=None, packages_up_to_regex=None, packages_above=None, packages_above_and_dependencies=None, packages_above_depth=None, packages_select_by_dep=None, packages_skip_by_dep=None, packages_skip_up_to=None, packages_select_build_failed=False, packages_skip_build_finished=False, packages_select_test_failures=False, packages_skip_test_passed=False, packages_select=None, packages_skip=None, packages_select_regex=None, packages_skip_regex=None, packages_start=None, packages_end=None, allow_overriding=[], topological_order=False, names_only=False, paths_only=True, topological_graph=False, topological_graph_dot=False, topological_graph_density=False, topological_graph_legend=False, topological_graph_dot_cluster=False, topological_graph_dot_include_skipped=False, verb_parser=<colcon_defaults.argument_parser.defaults.DefaultArgumentsDecorator object at 0xffff974d8340>, verb_extension=<colcon_package_information.verb.list.ListVerb object at 0xffff97443760>, main=<bound method ListVerb.main of <colcon_package_information.verb.list.ListVerb object at 0xffff97443760>>)
[30.066s] Level 1:colcon.colcon_core.package_discovery:discover_packages(colcon_meta) check parameters
[30.124s] Level 1:colcon.colcon_core.package_discovery:discover_packages(recursive) check parameters
[30.156s] Level 1:colcon.colcon_core.package_discovery:discover_packages(ignore) check parameters
[30.156s] Level 1:colcon.colcon_core.package_discovery:discover_packages(path) check parameters
[30.156s] Level 1:colcon.colcon_core.package_discovery:discover_packages(recursive) discover
[30.166s] INFO:colcon.colcon_core.package_discovery:Crawling recursively for packages in '/home/parallels/junk/demo_ros2_ws_deploy'
[30.186s] Level 1:colcon.colcon_core.package_identification:_identify(/home/parallels/junk/demo_ros2_ws_deploy) by extensions ['ignore', 'ignore_ament_install']
[30.201s] Level 1:colcon.colcon_core.package_identification:_identify(/home/parallels/junk/demo_ros2_ws_deploy) by extension 'ignore'
[30.225s] Level 1:colcon.colcon_core.package_identification:_identify(/home/parallels/junk/demo_ros2_ws_deploy) by extension 'ignore_ament_install'
[30.226s] Level 1:colcon.colcon_core.package_identification:_identify(/home/parallels/junk/demo_ros2_ws_deploy) by extensions ['colcon_pkg']
[30.226s] Level 1:colcon.colcon_core.package_identification:_identify(/home/parallels/junk/demo_ros2_ws_deploy) by extension 'colcon_pkg'
[30.226s] Level 1:colcon.colcon_core.package_identification:_identify(/home/parallels/junk/demo_ros2_ws_deploy) by extensions ['colcon_meta']
[30.226s] Level 1:colcon.colcon_core.package_identification:_identify(/home/parallels/junk/demo_ros2_ws_deploy) by extension 'colcon_meta'
[30.226s] Level 1:colcon.colcon_core.package_identification:_identify(/home/parallels/junk/demo_ros2_ws_deploy) by extensions ['ros']
[30.226s] Level 1:colcon.colcon_core.package_identification:_identify(/home/parallels/junk/demo_ros2_ws_deploy) by extension 'ros'
[34.374s] Level 1:colcon.colcon_core.package_identification:_identify(/home/parallels/junk/demo_ros2_ws_deploy) by extensions ['cmake', 'python']
[34.393s] Level 1:colcon.colcon_core.package_identification:_identify(/home/parallels/junk/demo_ros2_ws_deploy) by extension 'cmake'
[34.404s] Level 1:colcon.colcon_core.package_identification:_identify(/home/parallels/junk/demo_ros2_ws_deploy) by extension 'python'
[34.409s] Level 1:colcon.colcon_core.package_identification:_identify(/home/parallels/junk/demo_ros2_ws_deploy) by extensions ['python_setup_py']
[34.409s] Level 1:colcon.colcon_core.package_identification:_identify(/home/parallels/junk/demo_ros2_ws_deploy) by extension 'python_setup_py'
[34.418s] Level 1:colcon.colcon_core.package_identification:_identify(/home/parallels/junk/demo_ros2_ws_deploy/log) by extensions ['ignore', 'ignore_ament_install']
[34.425s] Level 1:colcon.colcon_core.package_identification:_identify(/home/parallels/junk/demo_ros2_ws_deploy/log) by extension 'ignore'
[34.425s] Level 1:colcon.colcon_core.package_identification:_identify(/home/parallels/junk/demo_ros2_ws_deploy/log) ignored
[34.430s] Level 1:colcon.colcon_core.package_identification:_identify(/home/parallels/junk/demo_ros2_ws_deploy/src) by extensions ['ignore', 'ignore_ament_install']
[34.430s] Level 1:colcon.colcon_core.package_identification:_identify(/home/parallels/junk/demo_ros2_ws_deploy/src) by extension 'ignore'
[34.431s] Level 1:colcon.colcon_core.package_identification:_identify(/home/parallels/junk/demo_ros2_ws_deploy/src) by extension 'ignore_ament_install'
[34.431s] Level 1:colcon.colcon_core.package_identification:_identify(/home/parallels/junk/demo_ros2_ws_deploy/src) by extensions ['colcon_pkg']
[34.431s] Level 1:colcon.colcon_core.package_identification:_identify(/home/parallels/junk/demo_ros2_ws_deploy/src) by extension 'colcon_pkg'
[34.431s] Level 1:colcon.colcon_core.package_identification:_identify(/home/parallels/junk/demo_ros2_ws_deploy/src) by extensions ['colcon_meta']
[34.431s] Level 1:colcon.colcon_core.package_identification:_identify(/home/parallels/junk/demo_ros2_ws_deploy/src) by extension 'colcon_meta'
[34.431s] Level 1:colcon.colcon_core.package_identification:_identify(/home/parallels/junk/demo_ros2_ws_deploy/src) by extensions ['ros']
[34.431s] Level 1:colcon.colcon_core.package_identification:_identify(/home/parallels/junk/demo_ros2_ws_deploy/src) by extension 'ros'
[34.433s] Level 1:colcon.colcon_core.package_identification:_identify(/home/parallels/junk/demo_ros2_ws_deploy/src) by extensions ['cmake', 'python']
[34.433s] Level 1:colcon.colcon_core.package_identification:_identify(/home/parallels/junk/demo_ros2_ws_deploy/src) by extension 'cmake'
[34.433s] Level 1:colcon.colcon_core.package_identification:_identify(/home/parallels/junk/demo_ros2_ws_deploy/src) by extension 'python'
[34.433s] Level 1:colcon.colcon_core.package_identification:_identify(/home/parallels/junk/demo_ros2_ws_deploy/src) by extensions ['python_setup_py']
[34.433s] Level 1:colcon.colcon_core.package_identification:_identify(/home/parallels/junk/demo_ros2_ws_deploy/src) by extension 'python_setup_py'
[34.435s] Level 1:colcon.colcon_core.package_identification:_identify(/home/parallels/junk/demo_ros2_ws_deploy/src/ros_tutorials) by extensions ['ignore', 'ignore_ament_install']
[34.435s] Level 1:colcon.colcon_core.package_identification:_identify(/home/parallels/junk/demo_ros2_ws_deploy/src/ros_tutorials) by extension 'ignore'
[34.437s] Level 1:colcon.colcon_core.package_identification:_identify(/home/parallels/junk/demo_ros2_ws_deploy/src/ros_tutorials) ignored
[34.438s] Level 1:colcon.colcon_core.package_identification:_identify(/home/parallels/junk/demo_ros2_ws_deploy/src/roscpp_tutorials) by extensions ['ignore', 'ignore_ament_install']
[34.440s] Level 1:colcon.colcon_core.package_identification:_identify(/home/parallels/junk/demo_ros2_ws_deploy/src/roscpp_tutorials) by extension 'ignore'
[34.440s] Level 1:colcon.colcon_core.package_identification:_identify(/home/parallels/junk/demo_ros2_ws_deploy/src/roscpp_tutorials) ignored
[34.441s] Level 1:colcon.colcon_core.package_identification:_identify(/home/parallels/junk/demo_ros2_ws_deploy/src/rospy_tutorials) by extensions ['ignore', 'ignore_ament_install']
[34.441s] Level 1:colcon.colcon_core.package_identification:_identify(/home/parallels/junk/demo_ros2_ws_deploy/src/rospy_tutorials) by extension 'ignore'
[34.441s] Level 1:colcon.colcon_core.package_identification:_identify(/home/parallels/junk/demo_ros2_ws_deploy/src/rospy_tutorials) ignored
[34.443s] Level 1:colcon.colcon_core.package_identification:_identify(/home/parallels/junk/demo_ros2_ws_deploy/src/turtlesim) by extensions ['ignore', 'ignore_ament_install']
[34.444s] Level 1:colcon.colcon_core.package_identification:_identify(/home/parallels/junk/demo_ros2_ws_deploy/src/turtlesim) by extension 'ignore'
[34.444s] Level 1:colcon.colcon_core.package_identification:_identify(/home/parallels/junk/demo_ros2_ws_deploy/src/turtlesim) by extension 'ignore_ament_install'
[34.444s] Level 1:colcon.colcon_core.package_identification:_identify(/home/parallels/junk/demo_ros2_ws_deploy/src/turtlesim) by extensions ['colcon_pkg']
[34.444s] Level 1:colcon.colcon_core.package_identification:_identify(/home/parallels/junk/demo_ros2_ws_deploy/src/turtlesim) by extension 'colcon_pkg'
[34.444s] Level 1:colcon.colcon_core.package_identification:_identify(/home/parallels/junk/demo_ros2_ws_deploy/src/turtlesim) by extensions ['colcon_meta']
[34.444s] Level 1:colcon.colcon_core.package_identification:_identify(/home/parallels/junk/demo_ros2_ws_deploy/src/turtlesim) by extension 'colcon_meta'
[34.444s] Level 1:colcon.colcon_core.package_identification:_identify(/home/parallels/junk/demo_ros2_ws_deploy/src/turtlesim) by extensions ['ros']
[34.444s] Level 1:colcon.colcon_core.package_identification:_identify(/home/parallels/junk/demo_ros2_ws_deploy/src/turtlesim) by extension 'ros'
[35.270s] DEBUG:colcon.colcon_core.package_identification:Package '/home/parallels/junk/demo_ros2_ws_deploy/src/turtlesim' with type 'ros.ament_cmake' and name 'turtlesim'
[35.272s] Level 1:colcon.colcon_core.package_discovery:discover_packages(recursive) using defaults
